0 verbose cli C:\Program Files\nodejs\node.exe C:\Program Files\nodejs\node_modules\npm\bin\npm-cli.js
1 info using npm@10.9.2
2 info using node@v22.17.0
3 silly config load:file:C:\Program Files\nodejs\node_modules\npm\npmrc
4 silly config load:file:D:\agrifutured\frontend\.npmrc
5 silly config load:file:C:\Users\mored\.npmrc
6 silly config load:file:C:\Users\mored\AppData\Roaming\npm\etc\npmrc
7 verbose title npm ping
8 verbose argv "ping" "--cache" "D:\\agrifutured\\.npm-cache" "--strict-ssl" "false" "--fetch-timeout" "30000" "--fetch-retries" "1"
9 verbose logfile logs-max:10 dir:D:\agrifutured\.npm-cache\_logs\2026-06-02T14_00_11_386Z-
10 verbose logfile D:\agrifutured\.npm-cache\_logs\2026-06-02T14_00_11_386Z-debug-0.log
11 silly logfile done cleaning log files
12 notice PING https://registry.npmjs.org/
13 http fetch GET 200 https://registry.npmjs.org/-/ping 453ms
14 notice PONG 454ms
15 verbose cwd D:\agrifutured\frontend
16 verbose os Windows_NT 10.0.22631
17 verbose node v22.17.0
18 verbose npm  v10.9.2
19 verbose exit 0
20 info ok
